[04-Aug-2018 16:08:17 UTC] PHP Fatal error:  Call to undefined function getDatabaseConnection() in /home/ubuntu/workspace/cst336/finalExam/index.php on line 6
[04-Aug-2018 16:08:17 UTC] PHP Stack trace:
[04-Aug-2018 16:08:17 UTC] PHP   1. {main}() /home/ubuntu/workspace/cst336/finalExam/index.php:0
[04-Aug-2018 16:08:42 UTC] PHP Fatal error:  Call to undefined function getDatabaseConnection() in /home/ubuntu/workspace/cst336/finalExam/index.php on line 6
[04-Aug-2018 16:08:42 UTC] PHP Stack trace:
[04-Aug-2018 16:08:42 UTC] PHP   1. {main}() /home/ubuntu/workspace/cst336/finalExam/index.php:0
[04-Aug-2018 16:25:48 UTC] PHP Fatal error:  Call to a member function query() on a non-object in /home/ubuntu/workspace/cst336/finalExam/index.php on line 11
[04-Aug-2018 16:25:48 UTC] PHP Stack trace:
[04-Aug-2018 16:25:48 UTC] PHP   1. {main}() /home/ubuntu/workspace/cst336/finalExam/index.php:0
[04-Aug-2018 16:25:48 UTC] PHP   2. displayRandomHero() /home/ubuntu/workspace/cst336/finalExam/index.php:57
[04-Aug-2018 16:26:17 UTC] PHP Fatal error:  Call to a member function fetch_row() on a non-object in /home/ubuntu/workspace/cst336/finalExam/index.php on line 13
[04-Aug-2018 16:26:17 UTC] PHP Stack trace:
[04-Aug-2018 16:26:17 UTC] PHP   1. {main}() /home/ubuntu/workspace/cst336/finalExam/index.php:0
[04-Aug-2018 16:26:17 UTC] PHP   2. displayRandomHero() /home/ubuntu/workspace/cst336/finalExam/index.php:57
[04-Aug-2018 16:29:26 UTC] PHP Warning:  rand() expects parameter 2 to be long, string given in /home/ubuntu/workspace/cst336/finalExam/index.php on line 16
[04-Aug-2018 16:29:26 UTC] PHP Stack trace:
[04-Aug-2018 16:29:26 UTC] PHP   1. {main}() /home/ubuntu/workspace/cst336/finalExam/index.php:0
[04-Aug-2018 16:29:26 UTC] PHP   2. displayRandomHero() /home/ubuntu/workspace/cst336/finalExam/index.php:57
[04-Aug-2018 16:29:26 UTC] PHP   3. rand() /home/ubuntu/workspace/cst336/finalExam/index.php:16
[04-Aug-2018 16:29:26 UTC] PHP Fatal error:  Call to a member function query() on a non-object in /home/ubuntu/workspace/cst336/finalExam/index.php on line 17
[04-Aug-2018 16:29:26 UTC] PHP Stack trace:
[04-Aug-2018 16:29:26 UTC] PHP   1. {main}() /home/ubuntu/workspace/cst336/finalExam/index.php:0
[04-Aug-2018 16:29:26 UTC] PHP   2. displayRandomHero() /home/ubuntu/workspace/cst336/finalExam/index.php:57
[04-Aug-2018 16:29:50 UTC] PHP Warning:  rand() expects parameter 2 to be long, string given in /home/ubuntu/workspace/cst336/finalExam/index.php on line 16
[04-Aug-2018 16:29:50 UTC] PHP Stack trace:
[04-Aug-2018 16:29:50 UTC] PHP   1. {main}() /home/ubuntu/workspace/cst336/finalExam/index.php:0
[04-Aug-2018 16:29:50 UTC] PHP   2. displayRandomHero() /home/ubuntu/workspace/cst336/finalExam/index.php:57
[04-Aug-2018 16:29:50 UTC] PHP   3. rand() /home/ubuntu/workspace/cst336/finalExam/index.php:16
[04-Aug-2018 16:29:50 UTC] PHP Fatal error:  Call to a member function query() on a non-object in /home/ubuntu/workspace/cst336/finalExam/index.php on line 17
[04-Aug-2018 16:29:50 UTC] PHP Stack trace:
[04-Aug-2018 16:29:50 UTC] PHP   1. {main}() /home/ubuntu/workspace/cst336/finalExam/index.php:0
[04-Aug-2018 16:29:50 UTC] PHP   2. displayRandomHero() /home/ubuntu/workspace/cst336/finalExam/index.php:57
[04-Aug-2018 16:31:09 UTC] PHP Catchable fatal error:  Object of class PDOStatement could not be converted to string in /home/ubuntu/workspace/cst336/finalExam/index.php on line 18
[04-Aug-2018 16:31:09 UTC] PHP Stack trace:
[04-Aug-2018 16:31:09 UTC] PHP   1. {main}() /home/ubuntu/workspace/cst336/finalExam/index.php:0
[04-Aug-2018 16:31:09 UTC] PHP   2. displayRandomHero() /home/ubuntu/workspace/cst336/finalExam/index.php:49
[04-Aug-2018 16:34:32 UTC] PHP Catchable fatal error:  Object of class PDOStatement could not be converted to string in /home/ubuntu/workspace/cst336/finalExam/index.php on line 22
[04-Aug-2018 16:34:32 UTC] PHP Stack trace:
[04-Aug-2018 16:34:32 UTC] PHP   1. {main}() /home/ubuntu/workspace/cst336/finalExam/index.php:0
[04-Aug-2018 16:34:32 UTC] PHP   2. displayRandomHero() /home/ubuntu/workspace/cst336/finalExam/index.php:50
[04-Aug-2018 16:35:23 UTC] PHP Catchable fatal error:  Object of class PDOStatement could not be converted to string in /home/ubuntu/workspace/cst336/finalExam/index.php on line 22
[04-Aug-2018 16:35:23 UTC] PHP Stack trace:
[04-Aug-2018 16:35:23 UTC] PHP   1. {main}() /home/ubuntu/workspace/cst336/finalExam/index.php:0
[04-Aug-2018 16:35:23 UTC] PHP   2. displayRandomHero() /home/ubuntu/workspace/cst336/finalExam/index.php:51
[04-Aug-2018 16:35:45 UTC] PHP Catchable fatal error:  Object of class PDOStatement could not be converted to string in /home/ubuntu/workspace/cst336/finalExam/index.php on line 51
[04-Aug-2018 16:35:45 UTC] PHP Stack trace:
[04-Aug-2018 16:35:45 UTC] PHP   1. {main}() /home/ubuntu/workspace/cst336/finalExam/index.php:0
[04-Aug-2018 16:36:47 UTC] PHP Fatal error:  Call to undefined function toString() in /home/ubuntu/workspace/cst336/finalExam/index.php on line 51
[04-Aug-2018 16:36:47 UTC] PHP Stack trace:
[04-Aug-2018 16:36:47 UTC] PHP   1. {main}() /home/ubuntu/workspace/cst336/finalExam/index.php:0
[04-Aug-2018 16:39:18 UTC] PHP Parse error:  syntax error, unexpected end of file in /home/ubuntu/workspace/cst336/finalExam/index.php on line 85
[04-Aug-2018 16:39:50 UTC] PHP Fatal error:  Call to undefined method PDOStatement::fetch_assoc() in /home/ubuntu/workspace/cst336/finalExam/index.php on line 18
[04-Aug-2018 16:39:50 UTC] PHP Stack trace:
[04-Aug-2018 16:39:50 UTC] PHP   1. {main}() /home/ubuntu/workspace/cst336/finalExam/index.php:0
[04-Aug-2018 16:39:50 UTC] PHP   2. displayRandomHero() /home/ubuntu/workspace/cst336/finalExam/index.php:53
[04-Aug-2018 16:41:38 UTC] PHP Fatal error:  Call to undefined method PDO::close() in /home/ubuntu/workspace/cst336/finalExam/index.php on line 32
[04-Aug-2018 16:41:38 UTC] PHP Stack trace:
[04-Aug-2018 16:41:38 UTC] PHP   1. {main}() /home/ubuntu/workspace/cst336/finalExam/index.php:0
[04-Aug-2018 16:41:38 UTC] PHP   2. displayRandomHero() /home/ubuntu/workspace/cst336/finalExam/index.php:58
[04-Aug-2018 16:45:38 UTC] PHP Fatal error:  Call to a member function query() on a non-object in /home/ubuntu/workspace/cst336/finalExam/index.php on line 11
[04-Aug-2018 16:45:38 UTC] PHP Stack trace:
[04-Aug-2018 16:45:38 UTC] PHP   1. {main}() /home/ubuntu/workspace/cst336/finalExam/index.php:0
[04-Aug-2018 16:45:38 UTC] PHP   2. displayRandomHero() /home/ubuntu/workspace/cst336/finalExam/index.php:47
[04-Aug-2018 16:48:57 UTC] PHP Fatal error:  Call to a member function query() on a non-object in /home/ubuntu/workspace/cst336/finalExam/index.php on line 12
[04-Aug-2018 16:48:57 UTC] PHP Stack trace:
[04-Aug-2018 16:48:57 UTC] PHP   1. {main}() /home/ubuntu/workspace/cst336/finalExam/index.php:0
[04-Aug-2018 16:48:57 UTC] PHP   2. displayRandomHero() /home/ubuntu/workspace/cst336/finalExam/index.php:50
[04-Aug-2018 16:49:00 UTC] PHP Fatal error:  Call to a member function query() on a non-object in /home/ubuntu/workspace/cst336/finalExam/index.php on line 12
[04-Aug-2018 16:49:00 UTC] PHP Stack trace:
[04-Aug-2018 16:49:00 UTC] PHP   1. {main}() /home/ubuntu/workspace/cst336/finalExam/index.php:0
[04-Aug-2018 16:49:00 UTC] PHP   2. displayRandomHero() /home/ubuntu/workspace/cst336/finalExam/index.php:50
[04-Aug-2018 16:49:10 UTC] PHP Fatal error:  Call to a member function query() on a non-object in /home/ubuntu/workspace/cst336/finalExam/index.php on line 12
[04-Aug-2018 16:49:10 UTC] PHP Stack trace:
[04-Aug-2018 16:49:10 UTC] PHP   1. {main}() /home/ubuntu/workspace/cst336/finalExam/index.php:0
[04-Aug-2018 16:49:10 UTC] PHP   2. displayRandomHero() /home/ubuntu/workspace/cst336/finalExam/index.php:50
[04-Aug-2018 16:49:31 UTC] PHP Fatal error:  Call to a member function query() on a non-object in /home/ubuntu/workspace/cst336/finalExam/index.php on line 13
[04-Aug-2018 16:49:31 UTC] PHP Stack trace:
[04-Aug-2018 16:49:31 UTC] PHP   1. {main}() /home/ubuntu/workspace/cst336/finalExam/index.php:0
[04-Aug-2018 16:49:31 UTC] PHP   2. displayRandomHero() /home/ubuntu/workspace/cst336/finalExam/index.php:51
[04-Aug-2018 16:51:18 UTC] PHP Fatal error:  Call to a member function query() on a non-object in /home/ubuntu/workspace/cst336/finalExam/index.php on line 12
[04-Aug-2018 16:51:18 UTC] PHP Stack trace:
[04-Aug-2018 16:51:18 UTC] PHP   1. {main}() /home/ubuntu/workspace/cst336/finalExam/index.php:0
[04-Aug-2018 16:51:18 UTC] PHP   2. displayRandomHero() /home/ubuntu/workspace/cst336/finalExam/index.php:50
[04-Aug-2018 16:56:39 UTC] PHP Fatal error:  Uncaught exception 'PDOException' with message 'SQLSTATE[HY093]: Invalid parameter number: parameter was not defined' in /home/ubuntu/workspace/cst336/finalExam/index.php:18
Stack trace:
#0 /home/ubuntu/workspace/cst336/finalExam/index.php(18): PDOStatement->execute(Array)
#1 /home/ubuntu/workspace/cst336/finalExam/index.php(48): displayRandomHero()
#2 {main}
  thrown in /home/ubuntu/workspace/cst336/finalExam/index.php on line 18
[04-Aug-2018 16:57:12 UTC] PHP Fatal error:  Uncaught exception 'PDOException' with message 'SQLSTATE[42000]: Syntax error or access violation: 1064 You have an error in your SQL syntax; check the manual that corresponds to your MySQL server version for the right syntax to use near 'WHERE 'username' = number
                LIMIT 1' at line 4' in /home/ubuntu/workspace/cst336/finalExam/index.php:18
Stack trace:
#0 /home/ubuntu/workspace/cst336/finalExam/index.php(18): PDOStatement->execute(Array)
#1 /home/ubuntu/workspace/cst336/finalExam/index.php(48): displayRandomHero()
#2 {main}
  thrown in /home/ubuntu/workspace/cst336/finalExam/index.php on line 18
[04-Aug-2018 16:59:55 UTC] PHP Fatal error:  Call to a member function query() on a non-object in /home/ubuntu/workspace/cst336/finalExam/index.php on line 10
[04-Aug-2018 16:59:55 UTC] PHP Stack trace:
[04-Aug-2018 16:59:55 UTC] PHP   1. {main}() /home/ubuntu/workspace/cst336/finalExam/index.php:0
[04-Aug-2018 16:59:55 UTC] PHP   2. displayRandomHero() /home/ubuntu/workspace/cst336/finalExam/index.php:43
[04-Aug-2018 17:01:14 UTC] PHP Fatal error:  Call to a member function query() on a non-object in /home/ubuntu/workspace/cst336/finalExam/index.php on line 20
[04-Aug-2018 17:01:14 UTC] PHP Stack trace:
[04-Aug-2018 17:01:14 UTC] PHP   1. {main}() /home/ubuntu/workspace/cst336/finalExam/index.php:0
[04-Aug-2018 17:01:14 UTC] PHP   2. displayRandomHero() /home/ubuntu/workspace/cst336/finalExam/index.php:53
[04-Aug-2018 17:01:22 UTC] PHP Fatal error:  Call to a member function query() on a non-object in /home/ubuntu/workspace/cst336/finalExam/index.php on line 20
[04-Aug-2018 17:01:22 UTC] PHP Stack trace:
[04-Aug-2018 17:01:22 UTC] PHP   1. {main}() /home/ubuntu/workspace/cst336/finalExam/index.php:0
[04-Aug-2018 17:01:22 UTC] PHP   2. displayRandomHero() /home/ubuntu/workspace/cst336/finalExam/index.php:53
[04-Aug-2018 17:02:00 UTC] PHP Fatal error:  Call to a member function query() on a non-object in /home/ubuntu/workspace/cst336/finalExam/index.php on line 20
[04-Aug-2018 17:02:00 UTC] PHP Stack trace:
[04-Aug-2018 17:02:00 UTC] PHP   1. {main}() /home/ubuntu/workspace/cst336/finalExam/index.php:0
[04-Aug-2018 17:02:00 UTC] PHP   2. displayRandomHero() /home/ubuntu/workspace/cst336/finalExam/index.php:53
[04-Aug-2018 17:03:33 UTC] PHP Fatal error:  Call to a member function query() on a non-object in /home/ubuntu/workspace/cst336/finalExam/index.php on line 19
[04-Aug-2018 17:03:33 UTC] PHP Stack trace:
[04-Aug-2018 17:03:33 UTC] PHP   1. {main}() /home/ubuntu/workspace/cst336/finalExam/index.php:0
[04-Aug-2018 17:03:33 UTC] PHP   2. displayRandomHero() /home/ubuntu/workspace/cst336/finalExam/index.php:51
[04-Aug-2018 17:03:50 UTC] PHP Fatal error:  Call to a member function query() on a non-object in /home/ubuntu/workspace/cst336/finalExam/index.php on line 18
[04-Aug-2018 17:03:50 UTC] PHP Stack trace:
[04-Aug-2018 17:03:50 UTC] PHP   1. {main}() /home/ubuntu/workspace/cst336/finalExam/index.php:0
[04-Aug-2018 17:03:50 UTC] PHP   2. displayRandomHero() /home/ubuntu/workspace/cst336/finalExam/index.php:50
[04-Aug-2018 17:04:57 UTC] PHP Fatal error:  Call to a member function query() on a non-object in /home/ubuntu/workspace/cst336/finalExam/index.php on line 14
[04-Aug-2018 17:04:57 UTC] PHP Stack trace:
[04-Aug-2018 17:04:57 UTC] PHP   1. {main}() /home/ubuntu/workspace/cst336/finalExam/index.php:0
[04-Aug-2018 17:04:57 UTC] PHP   2. displayRandomHero() /home/ubuntu/workspace/cst336/finalExam/index.php:46
[04-Aug-2018 17:05:02 UTC] PHP Fatal error:  Call to a member function query() on a non-object in /home/ubuntu/workspace/cst336/finalExam/index.php on line 14
[04-Aug-2018 17:05:02 UTC] PHP Stack trace:
[04-Aug-2018 17:05:02 UTC] PHP   1. {main}() /home/ubuntu/workspace/cst336/finalExam/index.php:0
[04-Aug-2018 17:05:02 UTC] PHP   2. displayRandomHero() /home/ubuntu/workspace/cst336/finalExam/index.php:46
[04-Aug-2018 17:07:36 UTC] PHP Fatal error:  Call to a member function mysqli_query() on a non-object in /home/ubuntu/workspace/cst336/finalExam/index.php on line 14
[04-Aug-2018 17:07:36 UTC] PHP Stack trace:
[04-Aug-2018 17:07:36 UTC] PHP   1. {main}() /home/ubuntu/workspace/cst336/finalExam/index.php:0
[04-Aug-2018 17:07:36 UTC] PHP   2. displayRandomHero() /home/ubuntu/workspace/cst336/finalExam/index.php:46
[04-Aug-2018 17:08:12 UTC] PHP Fatal error:  Call to a member function mysqli_query() on a non-object in /home/ubuntu/workspace/cst336/finalExam/index.php on line 13
[04-Aug-2018 17:08:12 UTC] PHP Stack trace:
[04-Aug-2018 17:08:12 UTC] PHP   1. {main}() /home/ubuntu/workspace/cst336/finalExam/index.php:0
[04-Aug-2018 17:08:12 UTC] PHP   2. displayRandomHero() /home/ubuntu/workspace/cst336/finalExam/index.php:45
[04-Aug-2018 17:09:26 UTC] PHP Fatal error:  Call to undefined method mysqli_result::fetch() in /home/ubuntu/workspace/cst336/finalExam/index.php on line 14
[04-Aug-2018 17:09:26 UTC] PHP Stack trace:
[04-Aug-2018 17:09:26 UTC] PHP   1. {main}() /home/ubuntu/workspace/cst336/finalExam/index.php:0
[04-Aug-2018 17:09:26 UTC] PHP   2. displayRandomHero() /home/ubuntu/workspace/cst336/finalExam/index.php:46
[04-Aug-2018 17:11:45 UTC] PHP Fatal error:  Call to undefined method mysqli_result::fetch() in /home/ubuntu/workspace/cst336/finalExam/index.php on line 15
[04-Aug-2018 17:11:45 UTC] PHP Stack trace:
[04-Aug-2018 17:11:45 UTC] PHP   1. {main}() /home/ubuntu/workspace/cst336/finalExam/index.php:0
[04-Aug-2018 17:11:45 UTC] PHP   2. displayRandomHero() /home/ubuntu/workspace/cst336/finalExam/index.php:47
[04-Aug-2018 17:13:28 UTC] PHP Fatal error:  Call to undefined method mysqli_result::fetch() in /home/ubuntu/workspace/cst336/finalExam/index.php on line 14
[04-Aug-2018 17:13:28 UTC] PHP Stack trace:
[04-Aug-2018 17:13:28 UTC] PHP   1. {main}() /home/ubuntu/workspace/cst336/finalExam/index.php:0
[04-Aug-2018 17:13:28 UTC] PHP   2. displayRandomHero() /home/ubuntu/workspace/cst336/finalExam/index.php:46
[04-Aug-2018 17:13:59 UTC] PHP Fatal error:  Call to undefined method mysqli_result::fetch() in /home/ubuntu/workspace/cst336/finalExam/index.php on line 14
[04-Aug-2018 17:13:59 UTC] PHP Stack trace:
[04-Aug-2018 17:13:59 UTC] PHP   1. {main}() /home/ubuntu/workspace/cst336/finalExam/index.php:0
[04-Aug-2018 17:13:59 UTC] PHP   2. displayRandomHero() /home/ubuntu/workspace/cst336/finalExam/index.php:46
[04-Aug-2018 17:17:33 UTC] PHP Warning:  include(connection.php): failed to open stream: No such file or directory in /home/ubuntu/workspace/cst336/finalExam/index.php on line 4
[04-Aug-2018 17:17:33 UTC] PHP Stack trace:
[04-Aug-2018 17:17:33 UTC] PHP   1. {main}() /home/ubuntu/workspace/cst336/finalExam/index.php:0
[04-Aug-2018 17:17:33 UTC] PHP Warning:  include(): Failed opening 'connection.php' for inclusion (include_path='.:/usr/share/php:/usr/share/pear') in /home/ubuntu/workspace/cst336/finalExam/index.php on line 4
[04-Aug-2018 17:17:33 UTC] PHP Stack trace:
[04-Aug-2018 17:17:33 UTC] PHP   1. {main}() /home/ubuntu/workspace/cst336/finalExam/index.php:0
[04-Aug-2018 17:17:33 UTC] PHP Fatal error:  Call to undefined function getDBConnection() in /home/ubuntu/workspace/cst336/finalExam/index.php on line 6
[04-Aug-2018 17:17:33 UTC] PHP Stack trace:
[04-Aug-2018 17:17:33 UTC] PHP   1. {main}() /home/ubuntu/workspace/cst336/finalExam/index.php:0
[04-Aug-2018 17:17:41 UTC] PHP Fatal error:  Uncaught exception 'PDOException' with message 'SQLSTATE[HY093]: Invalid parameter number: parameter was not defined' in /home/ubuntu/workspace/cst336/finalExam/index.php:19
Stack trace:
#0 /home/ubuntu/workspace/cst336/finalExam/index.php(19): PDOStatement->execute(Array)
#1 /home/ubuntu/workspace/cst336/finalExam/index.php(48): displayRandomHero()
#2 {main}
  thrown in /home/ubuntu/workspace/cst336/finalExam/index.php on line 19
[04-Aug-2018 17:18:38 UTC] PHP Fatal error:  Uncaught exception 'PDOException' with message 'SQLSTATE[HY093]: Invalid parameter number: parameter was not defined' in /home/ubuntu/workspace/cst336/finalExam/index.php:19
Stack trace:
#0 /home/ubuntu/workspace/cst336/finalExam/index.php(19): PDOStatement->execute(Array)
#1 /home/ubuntu/workspace/cst336/finalExam/index.php(48): displayRandomHero()
#2 {main}
  thrown in /home/ubuntu/workspace/cst336/finalExam/index.php on line 19
[04-Aug-2018 17:24:25 UTC] PHP Warning:  PDOStatement::execute() expects parameter 1 to be array, string given in /home/ubuntu/workspace/cst336/finalExam/index.php on line 22
[04-Aug-2018 17:24:25 UTC] PHP Stack trace:
[04-Aug-2018 17:24:25 UTC] PHP   1. {main}() /home/ubuntu/workspace/cst336/finalExam/index.php:0
[04-Aug-2018 17:24:25 UTC] PHP   2. displayRandomHero() /home/ubuntu/workspace/cst336/finalExam/index.php:51
[04-Aug-2018 17:24:25 UTC] PHP   3. PDOStatement->execute() /home/ubuntu/workspace/cst336/finalExam/index.php:22
[04-Aug-2018 17:28:02 UTC] PHP Fatal error:  Uncaught exception 'PDOException' with message 'SQLSTATE[HY093]: Invalid parameter number: number of bound variables does not match number of tokens' in /home/ubuntu/workspace/cst336/finalExam/index.php:23
Stack trace:
#0 /home/ubuntu/workspace/cst336/finalExam/index.php(23): PDOStatement->execute(Array)
#1 /home/ubuntu/workspace/cst336/finalExam/index.php(52): displayRandomHero()
#2 {main}
  thrown in /home/ubuntu/workspace/cst336/finalExam/index.php on line 23
[04-Aug-2018 17:28:27 UTC] PHP Fatal error:  Uncaught exception 'PDOException' with message 'SQLSTATE[HY093]: Invalid parameter number: number of bound variables does not match number of tokens' in /home/ubuntu/workspace/cst336/finalExam/index.php:23
Stack trace:
#0 /home/ubuntu/workspace/cst336/finalExam/index.php(23): PDOStatement->execute(Array)
#1 /home/ubuntu/workspace/cst336/finalExam/index.php(52): displayRandomHero()
#2 {main}
  thrown in /home/ubuntu/workspace/cst336/finalExam/index.php on line 23
[04-Aug-2018 17:28:35 UTC] PHP Fatal error:  Uncaught exception 'PDOException' with message 'SQLSTATE[HY093]: Invalid parameter number: number of bound variables does not match number of tokens' in /home/ubuntu/workspace/cst336/finalExam/index.php:23
Stack trace:
#0 /home/ubuntu/workspace/cst336/finalExam/index.php(23): PDOStatement->execute(Array)
#1 /home/ubuntu/workspace/cst336/finalExam/index.php(52): displayRandomHero()
#2 {main}
  thrown in /home/ubuntu/workspace/cst336/finalExam/index.php on line 23
[04-Aug-2018 17:32:35 UTC] PHP Catchable fatal error:  Object of class PDOStatement could not be converted to string in /home/ubuntu/workspace/cst336/finalExam/index.php on line 26
[04-Aug-2018 17:32:35 UTC] PHP Stack trace:
[04-Aug-2018 17:32:35 UTC] PHP   1. {main}() /home/ubuntu/workspace/cst336/finalExam/index.php:0
[04-Aug-2018 17:32:35 UTC] PHP   2. displayRandomHero() /home/ubuntu/workspace/cst336/finalExam/index.php:53
[04-Aug-2018 17:35:12 UTC] PHP Warning:  mysqli_num_rows() expects parameter 1 to be mysqli_result, null given in /home/ubuntu/workspace/cst336/finalExam/index.php on line 26
[04-Aug-2018 17:35:12 UTC] PHP Stack trace:
[04-Aug-2018 17:35:12 UTC] PHP   1. {main}() /home/ubuntu/workspace/cst336/finalExam/index.php:0
[04-Aug-2018 17:35:12 UTC] PHP   2. displayRandomHero() /home/ubuntu/workspace/cst336/finalExam/index.php:59
[04-Aug-2018 17:35:12 UTC] PHP   3. mysqli_num_rows() /home/ubuntu/workspace/cst336/finalExam/index.php:26
[04-Aug-2018 17:35:26 UTC] PHP Warning:  mysqli_num_rows() expects parameter 1 to be mysqli_result, object given in /home/ubuntu/workspace/cst336/finalExam/index.php on line 26
[04-Aug-2018 17:35:26 UTC] PHP Stack trace:
[04-Aug-2018 17:35:26 UTC] PHP   1. {main}() /home/ubuntu/workspace/cst336/finalExam/index.php:0
[04-Aug-2018 17:35:26 UTC] PHP   2. displayRandomHero() /home/ubuntu/workspace/cst336/finalExam/index.php:59
[04-Aug-2018 17:35:26 UTC] PHP   3. mysqli_num_rows() /home/ubuntu/workspace/cst336/finalExam/index.php:26
[04-Aug-2018 17:36:19 UTC] PHP Warning:  mysqli_num_rows() expects parameter 1 to be mysqli_result, object given in /home/ubuntu/workspace/cst336/finalExam/index.php on line 26
[04-Aug-2018 17:36:19 UTC] PHP Stack trace:
[04-Aug-2018 17:36:19 UTC] PHP   1. {main}() /home/ubuntu/workspace/cst336/finalExam/index.php:0
[04-Aug-2018 17:36:19 UTC] PHP   2. displayRandomHero() /home/ubuntu/workspace/cst336/finalExam/index.php:59
[04-Aug-2018 17:36:19 UTC] PHP   3. mysqli_num_rows() /home/ubuntu/workspace/cst336/finalExam/index.php:26
[04-Aug-2018 17:36:54 UTC] PHP Warning:  mysqli_query() expects parameter 1 to be mysqli, object given in /home/ubuntu/workspace/cst336/finalExam/index.php on line 22
[04-Aug-2018 17:36:54 UTC] PHP Stack trace:
[04-Aug-2018 17:36:54 UTC] PHP   1. {main}() /home/ubuntu/workspace/cst336/finalExam/index.php:0
[04-Aug-2018 17:36:54 UTC] PHP   2. displayRandomHero() /home/ubuntu/workspace/cst336/finalExam/index.php:59
[04-Aug-2018 17:36:54 UTC] PHP   3. mysqli_query() /home/ubuntu/workspace/cst336/finalExam/index.php:22
[04-Aug-2018 17:36:54 UTC] PHP Warning:  mysqli_num_rows() expects parameter 1 to be mysqli_result, null given in /home/ubuntu/workspace/cst336/finalExam/index.php on line 26
[04-Aug-2018 17:36:54 UTC] PHP Stack trace:
[04-Aug-2018 17:36:54 UTC] PHP   1. {main}() /home/ubuntu/workspace/cst336/finalExam/index.php:0
[04-Aug-2018 17:36:54 UTC] PHP   2. displayRandomHero() /home/ubuntu/workspace/cst336/finalExam/index.php:59
[04-Aug-2018 17:36:54 UTC] PHP   3. mysqli_num_rows() /home/ubuntu/workspace/cst336/finalExam/index.php:26
[04-Aug-2018 17:37:20 UTC] PHP Warning:  mysqli_num_rows() expects parameter 1 to be mysqli_result, object given in /home/ubuntu/workspace/cst336/finalExam/index.php on line 26
[04-Aug-2018 17:37:20 UTC] PHP Stack trace:
[04-Aug-2018 17:37:20 UTC] PHP   1. {main}() /home/ubuntu/workspace/cst336/finalExam/index.php:0
[04-Aug-2018 17:37:20 UTC] PHP   2. displayRandomHero() /home/ubuntu/workspace/cst336/finalExam/index.php:59
[04-Aug-2018 17:37:20 UTC] PHP   3. mysqli_num_rows() /home/ubuntu/workspace/cst336/finalExam/index.php:26
[04-Aug-2018 17:38:17 UTC] PHP Parse error:  syntax error, unexpected end of file in /home/ubuntu/workspace/cst336/finalExam/index.php on line 82
[04-Aug-2018 17:38:32 UTC] PHP Catchable fatal error:  Object of class PDOStatement could not be converted to string in /home/ubuntu/workspace/cst336/finalExam/index.php on line 26
[04-Aug-2018 17:38:32 UTC] PHP Stack trace:
[04-Aug-2018 17:38:32 UTC] PHP   1. {main}() /home/ubuntu/workspace/cst336/finalExam/index.php:0
[04-Aug-2018 17:38:32 UTC] PHP   2. displayRandomHero() /home/ubuntu/workspace/cst336/finalExam/index.php:51
[04-Aug-2018 17:38:42 UTC] PHP Catchable fatal error:  Object of class PDOStatement could not be converted to string in /home/ubuntu/workspace/cst336/finalExam/index.php on line 26
[04-Aug-2018 17:38:42 UTC] PHP Stack trace:
[04-Aug-2018 17:38:42 UTC] PHP   1. {main}() /home/ubuntu/workspace/cst336/finalExam/index.php:0
[04-Aug-2018 17:38:42 UTC] PHP   2. displayRandomHero() /home/ubuntu/workspace/cst336/finalExam/index.php:51
[04-Aug-2018 17:53:13 UTC] PHP Fatal error:  Class 'TableRows' not found in /home/ubuntu/workspace/cst336/finalExam/index.php on line 26
[04-Aug-2018 17:53:13 UTC] PHP Stack trace:
[04-Aug-2018 17:53:13 UTC] PHP   1. {main}() /home/ubuntu/workspace/cst336/finalExam/index.php:0
[04-Aug-2018 17:53:13 UTC] PHP   2. displayRandomHero() /home/ubuntu/workspace/cst336/finalExam/index.php:61
[04-Aug-2018 17:55:28 UTC] PHP Parse error:  syntax error, unexpected end of file in /home/ubuntu/workspace/cst336/finalExam/index.php on line 82
[04-Aug-2018 17:57:06 UTC] PHP Warning:  Invalid argument supplied for foreach() in /home/ubuntu/workspace/cst336/finalExam/index.php on line 26
[04-Aug-2018 17:57:06 UTC] PHP Stack trace:
[04-Aug-2018 17:57:06 UTC] PHP   1. {main}() /home/ubuntu/workspace/cst336/finalExam/index.php:0
[04-Aug-2018 17:57:06 UTC] PHP   2. displayRandomHero() /home/ubuntu/workspace/cst336/finalExam/index.php:54
[04-Aug-2018 18:00:05 UTC] PHP Catchable fatal error:  Object of class PDOStatement could not be converted to string in /home/ubuntu/workspace/cst336/finalExam/index.php on line 26
[04-Aug-2018 18:00:05 UTC] PHP Stack trace:
[04-Aug-2018 18:00:05 UTC] PHP   1. {main}() /home/ubuntu/workspace/cst336/finalExam/index.php:0
[04-Aug-2018 18:00:05 UTC] PHP   2. displayRandomHero() /home/ubuntu/workspace/cst336/finalExam/index.php:52
[04-Aug-2018 18:00:17 UTC] PHP Fatal error:  Call to undefined function toString() in /home/ubuntu/workspace/cst336/finalExam/index.php on line 26
[04-Aug-2018 18:00:17 UTC] PHP Stack trace:
[04-Aug-2018 18:00:17 UTC] PHP   1. {main}() /home/ubuntu/workspace/cst336/finalExam/index.php:0
[04-Aug-2018 18:00:17 UTC] PHP   2. displayRandomHero() /home/ubuntu/workspace/cst336/finalExam/index.php:52
[04-Aug-2018 18:01:14 UTC] PHP Warning:  mysql_fetch_assoc() expects parameter 1 to be resource, object given in /home/ubuntu/workspace/cst336/finalExam/index.php on line 26
[04-Aug-2018 18:01:14 UTC] PHP Stack trace:
[04-Aug-2018 18:01:14 UTC] PHP   1. {main}() /home/ubuntu/workspace/cst336/finalExam/index.php:0
[04-Aug-2018 18:01:14 UTC] PHP   2. displayRandomHero() /home/ubuntu/workspace/cst336/finalExam/index.php:58
[04-Aug-2018 18:01:14 UTC] PHP   3. mysql_fetch_assoc() /home/ubuntu/workspace/cst336/finalExam/index.php:26
[04-Aug-2018 18:01:25 UTC] PHP Warning:  mysql_fetch_assoc() expects parameter 1 to be resource, string given in /home/ubuntu/workspace/cst336/finalExam/index.php on line 26
[04-Aug-2018 18:01:25 UTC] PHP Stack trace:
[04-Aug-2018 18:01:25 UTC] PHP   1. {main}() /home/ubuntu/workspace/cst336/finalExam/index.php:0
[04-Aug-2018 18:01:25 UTC] PHP   2. displayRandomHero() /home/ubuntu/workspace/cst336/finalExam/index.php:58
[04-Aug-2018 18:01:25 UTC] PHP   3. mysql_fetch_assoc() /home/ubuntu/workspace/cst336/finalExam/index.php:26
[04-Aug-2018 18:02:41 UTC] PHP Warning:  mysql_fetch_assoc() expects parameter 1 to be resource, object given in /home/ubuntu/workspace/cst336/finalExam/index.php on line 27
[04-Aug-2018 18:02:41 UTC] PHP Stack trace:
[04-Aug-2018 18:02:41 UTC] PHP   1. {main}() /home/ubuntu/workspace/cst336/finalExam/index.php:0
[04-Aug-2018 18:02:41 UTC] PHP   2. displayRandomHero() /home/ubuntu/workspace/cst336/finalExam/index.php:59
[04-Aug-2018 18:02:41 UTC] PHP   3. mysql_fetch_assoc() /home/ubuntu/workspace/cst336/finalExam/index.php:27
[04-Aug-2018 18:02:47 UTC] PHP Warning:  mysql_query(): Access denied for user ''@'localhost' (using password: NO) in /home/ubuntu/workspace/cst336/finalExam/index.php on line 20
[04-Aug-2018 18:02:47 UTC] PHP Stack trace:
[04-Aug-2018 18:02:47 UTC] PHP   1. {main}() /home/ubuntu/workspace/cst336/finalExam/index.php:0
[04-Aug-2018 18:02:47 UTC] PHP   2. displayRandomHero() /home/ubuntu/workspace/cst336/finalExam/index.php:59
[04-Aug-2018 18:02:47 UTC] PHP   3. mysql_query() /home/ubuntu/workspace/cst336/finalExam/index.php:20
[04-Aug-2018 18:02:47 UTC] PHP Warning:  mysql_query(): A link to the server could not be established in /home/ubuntu/workspace/cst336/finalExam/index.php on line 20
[04-Aug-2018 18:02:47 UTC] PHP Stack trace:
[04-Aug-2018 18:02:47 UTC] PHP   1. {main}() /home/ubuntu/workspace/cst336/finalExam/index.php:0
[04-Aug-2018 18:02:47 UTC] PHP   2. displayRandomHero() /home/ubuntu/workspace/cst336/finalExam/index.php:59
[04-Aug-2018 18:02:47 UTC] PHP   3. mysql_query() /home/ubuntu/workspace/cst336/finalExam/index.php:20
[04-Aug-2018 18:02:47 UTC] PHP Warning:  mysql_fetch_assoc() expects parameter 1 to be resource, boolean given in /home/ubuntu/workspace/cst336/finalExam/index.php on line 27
[04-Aug-2018 18:02:47 UTC] PHP Stack trace:
[04-Aug-2018 18:02:47 UTC] PHP   1. {main}() /home/ubuntu/workspace/cst336/finalExam/index.php:0
[04-Aug-2018 18:02:47 UTC] PHP   2. displayRandomHero() /home/ubuntu/workspace/cst336/finalExam/index.php:59
[04-Aug-2018 18:02:47 UTC] PHP   3. mysql_fetch_assoc() /home/ubuntu/workspace/cst336/finalExam/index.php:27
[04-Aug-2018 18:03:12 UTC] PHP Warning:  mysql_query() expects parameter 1 to be string, object given in /home/ubuntu/workspace/cst336/finalExam/index.php on line 20
[04-Aug-2018 18:03:12 UTC] PHP Stack trace:
[04-Aug-2018 18:03:12 UTC] PHP   1. {main}() /home/ubuntu/workspace/cst336/finalExam/index.php:0
[04-Aug-2018 18:03:12 UTC] PHP   2. displayRandomHero() /home/ubuntu/workspace/cst336/finalExam/index.php:59
[04-Aug-2018 18:03:12 UTC] PHP   3. mysql_query() /home/ubuntu/workspace/cst336/finalExam/index.php:20
[04-Aug-2018 18:03:12 UTC] PHP Warning:  mysql_fetch_assoc() expects parameter 1 to be resource, null given in /home/ubuntu/workspace/cst336/finalExam/index.php on line 27
[04-Aug-2018 18:03:12 UTC] PHP Stack trace:
[04-Aug-2018 18:03:12 UTC] PHP   1. {main}() /home/ubuntu/workspace/cst336/finalExam/index.php:0
[04-Aug-2018 18:03:12 UTC] PHP   2. displayRandomHero() /home/ubuntu/workspace/cst336/finalExam/index.php:59
[04-Aug-2018 18:03:12 UTC] PHP   3. mysql_fetch_assoc() /home/ubuntu/workspace/cst336/finalExam/index.php:27
[04-Aug-2018 18:03:22 UTC] PHP Fatal error:  Call to undefined function query() in /home/ubuntu/workspace/cst336/finalExam/index.php on line 20
[04-Aug-2018 18:03:22 UTC] PHP Stack trace:
[04-Aug-2018 18:03:22 UTC] PHP   1. {main}() /home/ubuntu/workspace/cst336/finalExam/index.php:0
[04-Aug-2018 18:03:22 UTC] PHP   2. displayRandomHero() /home/ubuntu/workspace/cst336/finalExam/index.php:59
[04-Aug-2018 18:09:39 UTC] PHP Warning:  Invalid argument supplied for foreach() in /home/ubuntu/workspace/cst336/finalExam/index.php on line 27
[04-Aug-2018 18:09:39 UTC] PHP Stack trace:
[04-Aug-2018 18:09:39 UTC] PHP   1. {main}() /home/ubuntu/workspace/cst336/finalExam/index.php:0
[04-Aug-2018 18:09:39 UTC] PHP   2. displayRandomHero() /home/ubuntu/workspace/cst336/finalExam/index.php:56
[04-Aug-2018 18:10:23 UTC] PHP Warning:  Invalid argument supplied for foreach() in /home/ubuntu/workspace/cst336/finalExam/index.php on line 27
[04-Aug-2018 18:10:23 UTC] PHP Stack trace:
[04-Aug-2018 18:10:23 UTC] PHP   1. {main}() /home/ubuntu/workspace/cst336/finalExam/index.php:0
[04-Aug-2018 18:10:23 UTC] PHP   2. displayRandomHero() /home/ubuntu/workspace/cst336/finalExam/index.php:56
[04-Aug-2018 18:12:02 UTC] PHP Warning:  array_reverse() expects parameter 1 to be array, boolean given in /home/ubuntu/workspace/cst336/finalExam/index.php on line 26
[04-Aug-2018 18:12:02 UTC] PHP Stack trace:
[04-Aug-2018 18:12:02 UTC] PHP   1. {main}() /home/ubuntu/workspace/cst336/finalExam/index.php:0
[04-Aug-2018 18:12:02 UTC] PHP   2. displayRandomHero() /home/ubuntu/workspace/cst336/finalExam/index.php:53
[04-Aug-2018 18:12:02 UTC] PHP   3. array_reverse() /home/ubuntu/workspace/cst336/finalExam/index.php:26
[04-Aug-2018 18:13:21 UTC] PHP Warning:  array_reverse() expects parameter 1 to be array, object given in /home/ubuntu/workspace/cst336/finalExam/index.php on line 25
[04-Aug-2018 18:13:21 UTC] PHP Stack trace:
[04-Aug-2018 18:13:21 UTC] PHP   1. {main}() /home/ubuntu/workspace/cst336/finalExam/index.php:0
[04-Aug-2018 18:13:21 UTC] PHP   2. displayRandomHero() /home/ubuntu/workspace/cst336/finalExam/index.php:52
[04-Aug-2018 18:13:21 UTC] PHP   3. array_reverse() /home/ubuntu/workspace/cst336/finalExam/index.php:25
[04-Aug-2018 18:20:56 UTC] PHP Fatal error:  Function name must be a string in /home/ubuntu/workspace/cst336/finalExam/index.php on line 50
[04-Aug-2018 18:20:56 UTC] PHP Stack trace:
[04-Aug-2018 18:20:56 UTC] PHP   1. {main}() /home/ubuntu/workspace/cst336/finalExam/index.php:0
[04-Aug-2018 18:37:38 UTC] PHP Warning:  include(/connect.php): failed to open stream: No such file or directory in /home/ubuntu/workspace/cst336/finalExam/index.php on line 2
[04-Aug-2018 18:37:38 UTC] PHP Stack trace:
[04-Aug-2018 18:37:38 UTC] PHP   1. {main}() /home/ubuntu/workspace/cst336/finalExam/index.php:0
[04-Aug-2018 18:37:38 UTC] PHP Warning:  include(): Failed opening '/connect.php' for inclusion (include_path='.:/usr/share/php:/usr/share/pear') in /home/ubuntu/workspace/cst336/finalExam/index.php on line 2
[04-Aug-2018 18:37:38 UTC] PHP Stack trace:
[04-Aug-2018 18:37:38 UTC] PHP   1. {main}() /home/ubuntu/workspace/cst336/finalExam/index.php:0
[04-Aug-2018 18:37:38 UTC] PHP Fatal error:  Call to undefined function getDBConnection() in /home/ubuntu/workspace/cst336/finalExam/index.php on line 4
[04-Aug-2018 18:37:38 UTC] PHP Stack trace:
[04-Aug-2018 18:37:38 UTC] PHP   1. {main}() /home/ubuntu/workspace/cst336/finalExam/index.php:0
[04-Aug-2018 18:37:45 UTC] PHP Warning:  include(../connect.php): failed to open stream: No such file or directory in /home/ubuntu/workspace/cst336/finalExam/index.php on line 2
[04-Aug-2018 18:37:45 UTC] PHP Stack trace:
[04-Aug-2018 18:37:45 UTC] PHP   1. {main}() /home/ubuntu/workspace/cst336/finalExam/index.php:0
[04-Aug-2018 18:37:45 UTC] PHP Warning:  include(): Failed opening '../connect.php' for inclusion (include_path='.:/usr/share/php:/usr/share/pear') in /home/ubuntu/workspace/cst336/finalExam/index.php on line 2
[04-Aug-2018 18:37:45 UTC] PHP Stack trace:
[04-Aug-2018 18:37:45 UTC] PHP   1. {main}() /home/ubuntu/workspace/cst336/finalExam/index.php:0
[04-Aug-2018 18:37:45 UTC] PHP Fatal error:  Call to undefined function getDBConnection() in /home/ubuntu/workspace/cst336/finalExam/index.php on line 4
[04-Aug-2018 18:37:45 UTC] PHP Stack trace:
[04-Aug-2018 18:37:45 UTC] PHP   1. {main}() /home/ubuntu/workspace/cst336/finalExam/index.php:0
[04-Aug-2018 18:39:24 UTC] PHP Fatal error:  Call to undefined function rand_array() in /home/ubuntu/workspace/cst336/finalExam/index.php on line 49
[04-Aug-2018 18:39:24 UTC] PHP Stack trace:
[04-Aug-2018 18:39:24 UTC] PHP   1. {main}() /home/ubuntu/workspace/cst336/finalExam/index.php:0
[04-Aug-2018 18:44:08 UTC] PHP Warning:  array_rand() expects parameter 1 to be array, null given in /home/ubuntu/workspace/cst336/finalExam/index.php on line 54
[04-Aug-2018 18:44:08 UTC] PHP Stack trace:
[04-Aug-2018 18:44:08 UTC] PHP   1. {main}() /home/ubuntu/workspace/cst336/finalExam/index.php:0
[04-Aug-2018 18:44:08 UTC] PHP   2. array_rand() /home/ubuntu/workspace/cst336/finalExam/index.php:54
[04-Aug-2018 18:53:07 UTC] PHP Warning:  mysql_fetch_assoc() expects parameter 1 to be resource, array given in /home/ubuntu/workspace/cst336/finalExam/index.php on line 20
[04-Aug-2018 18:53:07 UTC] PHP Stack trace:
[04-Aug-2018 18:53:07 UTC] PHP   1. {main}() /home/ubuntu/workspace/cst336/finalExam/index.php:0
[04-Aug-2018 18:53:07 UTC] PHP   2. displayRandomHero() /home/ubuntu/workspace/cst336/finalExam/index.php:57
[04-Aug-2018 18:53:07 UTC] PHP   3. mysql_fetch_assoc() /home/ubuntu/workspace/cst336/finalExam/index.php:20
[04-Aug-2018 18:53:20 UTC] PHP Warning:  mysql_fetch_assoc() expects parameter 1 to be resource, null given in /home/ubuntu/workspace/cst336/finalExam/index.php on line 20
[04-Aug-2018 18:53:20 UTC] PHP Stack trace:
[04-Aug-2018 18:53:20 UTC] PHP   1. {main}() /home/ubuntu/workspace/cst336/finalExam/index.php:0
[04-Aug-2018 18:53:20 UTC] PHP   2. displayRandomHero() /home/ubuntu/workspace/cst336/finalExam/index.php:57
[04-Aug-2018 18:53:20 UTC] PHP   3. mysql_fetch_assoc() /home/ubuntu/workspace/cst336/finalExam/index.php:20
[04-Aug-2018 18:53:32 UTC] PHP Warning:  mysql_fetch_assoc() expects parameter 1 to be resource, object given in /home/ubuntu/workspace/cst336/finalExam/index.php on line 20
[04-Aug-2018 18:53:32 UTC] PHP Stack trace:
[04-Aug-2018 18:53:32 UTC] PHP   1. {main}() /home/ubuntu/workspace/cst336/finalExam/index.php:0
[04-Aug-2018 18:53:32 UTC] PHP   2. displayRandomHero() /home/ubuntu/workspace/cst336/finalExam/index.php:57
[04-Aug-2018 18:53:32 UTC] PHP   3. mysql_fetch_assoc() /home/ubuntu/workspace/cst336/finalExam/index.php:20
[04-Aug-2018 18:56:10 UTC] PHP Warning:  Invalid argument supplied for foreach() in /home/ubuntu/workspace/cst336/finalExam/index.php on line 54
[04-Aug-2018 18:56:10 UTC] PHP Stack trace:
[04-Aug-2018 18:56:10 UTC] PHP   1. {main}() /home/ubuntu/workspace/cst336/finalExam/index.php:0
[04-Aug-2018 18:56:30 UTC] PHP Warning:  Invalid argument supplied for foreach() in /home/ubuntu/workspace/cst336/finalExam/index.php on line 54
[04-Aug-2018 18:56:30 UTC] PHP Stack trace:
[04-Aug-2018 18:56:30 UTC] PHP   1. {main}() /home/ubuntu/workspace/cst336/finalExam/index.php:0
[04-Aug-2018 18:56:54 UTC] PHP Warning:  Invalid argument supplied for foreach() in /home/ubuntu/workspace/cst336/finalExam/index.php on line 54
[04-Aug-2018 18:56:54 UTC] PHP Stack trace:
[04-Aug-2018 18:56:54 UTC] PHP   1. {main}() /home/ubuntu/workspace/cst336/finalExam/index.php:0
[04-Aug-2018 18:59:03 UTC] PHP Warning:  mysqli_fetch_array() expects parameter 1 to be mysqli_result, object given in /home/ubuntu/workspace/cst336/finalExam/index.php on line 26
[04-Aug-2018 18:59:03 UTC] PHP Stack trace:
[04-Aug-2018 18:59:03 UTC] PHP   1. {main}() /home/ubuntu/workspace/cst336/finalExam/index.php:0
[04-Aug-2018 18:59:03 UTC] PHP   2. displayRandomHero() /home/ubuntu/workspace/cst336/finalExam/index.php:59
[04-Aug-2018 18:59:03 UTC] PHP   3. mysqli_fetch_array() /home/ubuntu/workspace/cst336/finalExam/index.php:26
[04-Aug-2018 18:59:03 UTC] PHP Warning:  Invalid argument supplied for foreach() in /home/ubuntu/workspace/cst336/finalExam/index.php on line 61
[04-Aug-2018 18:59:03 UTC] PHP Stack trace:
[04-Aug-2018 18:59:03 UTC] PHP   1. {main}() /home/ubuntu/workspace/cst336/finalExam/index.php:0
[04-Aug-2018 18:59:43 UTC] PHP Warning:  mysqli_query() expects parameter 1 to be mysqli, object given in /home/ubuntu/workspace/cst336/finalExam/index.php on line 15
[04-Aug-2018 18:59:43 UTC] PHP Stack trace:
[04-Aug-2018 18:59:43 UTC] PHP   1. {main}() /home/ubuntu/workspace/cst336/finalExam/index.php:0
[04-Aug-2018 18:59:43 UTC] PHP   2. displayRandomHero() /home/ubuntu/workspace/cst336/finalExam/index.php:59
[04-Aug-2018 18:59:43 UTC] PHP   3. mysqli_query() /home/ubuntu/workspace/cst336/finalExam/index.php:15
[04-Aug-2018 18:59:43 UTC] PHP Fatal error:  Call to a member function execute() on a non-object in /home/ubuntu/workspace/cst336/finalExam/index.php on line 16
[04-Aug-2018 18:59:43 UTC] PHP Stack trace:
[04-Aug-2018 18:59:43 UTC] PHP   1. {main}() /home/ubuntu/workspace/cst336/finalExam/index.php:0
[04-Aug-2018 18:59:43 UTC] PHP   2. displayRandomHero() /home/ubuntu/workspace/cst336/finalExam/index.php:59
[04-Aug-2018 19:00:13 UTC] PHP Warning:  mysqli_fetch_array() expects parameter 1 to be mysqli_result, object given in /home/ubuntu/workspace/cst336/finalExam/index.php on line 26
[04-Aug-2018 19:00:13 UTC] PHP Stack trace:
[04-Aug-2018 19:00:13 UTC] PHP   1. {main}() /home/ubuntu/workspace/cst336/finalExam/index.php:0
[04-Aug-2018 19:00:13 UTC] PHP   2. displayRandomHero() /home/ubuntu/workspace/cst336/finalExam/index.php:59
[04-Aug-2018 19:00:13 UTC] PHP   3. mysqli_fetch_array() /home/ubuntu/workspace/cst336/finalExam/index.php:26
[04-Aug-2018 19:00:13 UTC] PHP Warning:  Invalid argument supplied for foreach() in /home/ubuntu/workspace/cst336/finalExam/index.php on line 61
[04-Aug-2018 19:00:13 UTC] PHP Stack trace:
[04-Aug-2018 19:00:13 UTC] PHP   1. {main}() /home/ubuntu/workspace/cst336/finalExam/index.php:0
[04-Aug-2018 19:01:16 UTC] PHP Warning:  Invalid argument supplied for foreach() in /home/ubuntu/workspace/cst336/finalExam/index.php on line 54
[04-Aug-2018 19:01:16 UTC] PHP Stack trace:
[04-Aug-2018 19:01:16 UTC] PHP   1. {main}() /home/ubuntu/workspace/cst336/finalExam/index.php:0
