[26-Jun-2018 19:54:19 UTC] PHP Parse error:  syntax error, unexpected '}' in /home/ubuntu/workspace/cst336/labs/lab2/777/index.php on line 32
[26-Jun-2018 19:54:23 UTC] PHP Parse error:  syntax error, unexpected '}' in /home/ubuntu/workspace/cst336/labs/lab2/777/index.php on line 32
[26-Jun-2018 19:54:42 UTC] PHP Fatal error:  Call to undefined function displaySymbol() in /home/ubuntu/workspace/cst336/labs/lab2/777/index.php on line 57
[26-Jun-2018 19:54:42 UTC] PHP Stack trace:
[26-Jun-2018 19:54:42 UTC] PHP   1. {main}() /home/ubuntu/workspace/cst336/labs/lab2/777/index.php:0
[26-Jun-2018 19:55:55 UTC] PHP Fatal error:  Call to undefined function displaySymbol() in /home/ubuntu/workspace/cst336/labs/lab2/777/index.php on line 11
[26-Jun-2018 19:55:55 UTC] PHP Stack trace:
[26-Jun-2018 19:55:55 UTC] PHP   1. {main}() /home/ubuntu/workspace/cst336/labs/lab2/777/index.php:0
[26-Jun-2018 19:55:57 UTC] PHP Fatal error:  Call to undefined function displaySymbol() in /home/ubuntu/workspace/cst336/labs/lab2/777/index.php on line 11
[26-Jun-2018 19:55:57 UTC] PHP Stack trace:
[26-Jun-2018 19:55:57 UTC] PHP   1. {main}() /home/ubuntu/workspace/cst336/labs/lab2/777/index.php:0
[26-Jun-2018 19:57:14 UTC] PHP Fatal error:  Call to undefined function displaySymbol() in /home/ubuntu/workspace/cst336/labs/lab2/777/index.php on line 32
[26-Jun-2018 19:57:14 UTC] PHP Stack trace:
[26-Jun-2018 19:57:14 UTC] PHP   1. {main}() /home/ubuntu/workspace/cst336/labs/lab2/777/index.php:0
[26-Jun-2018 19:57:16 UTC] PHP Fatal error:  Call to undefined function displaySymbol() in /home/ubuntu/workspace/cst336/labs/lab2/777/index.php on line 32
[26-Jun-2018 19:57:16 UTC] PHP Stack trace:
[26-Jun-2018 19:57:16 UTC] PHP   1. {main}() /home/ubuntu/workspace/cst336/labs/lab2/777/index.php:0
[26-Jun-2018 20:19:39 UTC] PHP Fatal error:  Call to undefined function play() in /home/ubuntu/workspace/cst336/labs/lab2/777/index.php on line 8
[26-Jun-2018 20:19:39 UTC] PHP Stack trace:
[26-Jun-2018 20:19:39 UTC] PHP   1. {main}() /home/ubuntu/workspace/cst336/labs/lab2/777/index.php:0
