[27-Jun-2018 19:20:48 UTC] PHP Fatal error:  Call to undefined function play() in /home/ubuntu/workspace/cst336/hw/hw2/index.php on line 25
[27-Jun-2018 19:20:48 UTC] PHP Stack trace:
[27-Jun-2018 19:20:48 UTC] PHP   1. {main}() /home/ubuntu/workspace/cst336/hw/hw2/index.php:0
[28-Jun-2018 20:45:01 UTC] PHP Parse error:  syntax error, unexpected '}' in /home/ubuntu/workspace/cst336/hw/hw2/inc/functions.php on line 63
[28-Jun-2018 20:45:01 UTC] PHP Stack trace:
[28-Jun-2018 20:45:01 UTC] PHP   1. {main}() /home/ubuntu/workspace/cst336/hw/hw2/index.php:0
[28-Jun-2018 20:46:52 UTC] PHP Fatal error:  Call to undefined function randomAlbum() in /home/ubuntu/workspace/cst336/hw/hw2/index.php on line 25
[28-Jun-2018 20:46:52 UTC] PHP Stack trace:
[28-Jun-2018 20:46:52 UTC] PHP   1. {main}() /home/ubuntu/workspace/cst336/hw/hw2/index.php:0
[28-Jun-2018 20:55:35 UTC] PHP Parse error:  syntax error, unexpected 'https' (T_STRING), expecting ',' or ';' in /home/ubuntu/workspace/cst336/hw/hw2/inc/functions.php on line 21
[28-Jun-2018 20:55:35 UTC] PHP Stack trace:
[28-Jun-2018 20:55:35 UTC] PHP   1. {main}() /home/ubuntu/workspace/cst336/hw/hw2/index.php:0
[28-Jun-2018 21:57:40 UTC] PHP Warning:  Missing argument 2 for displayAlbum(), called in /home/ubuntu/workspace/cst336/hw/hw2/inc/functions.php on line 52 and defined in /home/ubuntu/workspace/cst336/hw/hw2/inc/functions.php on line 6
[28-Jun-2018 21:57:40 UTC] PHP Stack trace:
[28-Jun-2018 21:57:40 UTC] PHP   1. {main}() /home/ubuntu/workspace/cst336/hw/hw2/index.php:0
[28-Jun-2018 21:57:40 UTC] PHP   2. randomAlbum() /home/ubuntu/workspace/cst336/hw/hw2/index.php:26
[28-Jun-2018 21:57:40 UTC] PHP   3. displayAlbum() /home/ubuntu/workspace/cst336/hw/hw2/inc/functions.php:52
[28-Jun-2018 21:57:46 UTC] PHP Warning:  Missing argument 2 for displayAlbum(), called in /home/ubuntu/workspace/cst336/hw/hw2/inc/functions.php on line 52 and defined in /home/ubuntu/workspace/cst336/hw/hw2/inc/functions.php on line 6
[28-Jun-2018 21:57:46 UTC] PHP Stack trace:
[28-Jun-2018 21:57:46 UTC] PHP   1. {main}() /home/ubuntu/workspace/cst336/hw/hw2/index.php:0
[28-Jun-2018 21:57:46 UTC] PHP   2. randomAlbum() /home/ubuntu/workspace/cst336/hw/hw2/index.php:26
[28-Jun-2018 21:57:46 UTC] PHP   3. displayAlbum() /home/ubuntu/workspace/cst336/hw/hw2/inc/functions.php:52
[28-Jun-2018 21:57:47 UTC] PHP Warning:  Missing argument 2 for displayAlbum(), called in /home/ubuntu/workspace/cst336/hw/hw2/inc/functions.php on line 52 and defined in /home/ubuntu/workspace/cst336/hw/hw2/inc/functions.php on line 6
[28-Jun-2018 21:57:47 UTC] PHP Stack trace:
[28-Jun-2018 21:57:47 UTC] PHP   1. {main}() /home/ubuntu/workspace/cst336/hw/hw2/index.php:0
[28-Jun-2018 21:57:47 UTC] PHP   2. randomAlbum() /home/ubuntu/workspace/cst336/hw/hw2/index.php:26
[28-Jun-2018 21:57:47 UTC] PHP   3. displayAlbum() /home/ubuntu/workspace/cst336/hw/hw2/inc/functions.php:52
[28-Jun-2018 21:57:48 UTC] PHP Warning:  Missing argument 2 for displayAlbum(), called in /home/ubuntu/workspace/cst336/hw/hw2/inc/functions.php on line 52 and defined in /home/ubuntu/workspace/cst336/hw/hw2/inc/functions.php on line 6
[28-Jun-2018 21:57:48 UTC] PHP Stack trace:
[28-Jun-2018 21:57:48 UTC] PHP   1. {main}() /home/ubuntu/workspace/cst336/hw/hw2/index.php:0
[28-Jun-2018 21:57:48 UTC] PHP   2. randomAlbum() /home/ubuntu/workspace/cst336/hw/hw2/index.php:26
[28-Jun-2018 21:57:48 UTC] PHP   3. displayAlbum() /home/ubuntu/workspace/cst336/hw/hw2/inc/functions.php:52
[28-Jun-2018 22:04:24 UTC] PHP Warning:  Missing argument 2 for displayAlbum(), called in /home/ubuntu/workspace/cst336/hw/hw2/inc/functions.php on line 71 and defined in /home/ubuntu/workspace/cst336/hw/hw2/inc/functions.php on line 12
[28-Jun-2018 22:04:24 UTC] PHP Stack trace:
[28-Jun-2018 22:04:24 UTC] PHP   1. {main}() /home/ubuntu/workspace/cst336/hw/hw2/index.php:0
[28-Jun-2018 22:04:24 UTC] PHP   2. randomAlbum() /home/ubuntu/workspace/cst336/hw/hw2/index.php:26
[28-Jun-2018 22:04:24 UTC] PHP   3. displayAlbum() /home/ubuntu/workspace/cst336/hw/hw2/inc/functions.php:71
[28-Jun-2018 22:04:25 UTC] PHP Warning:  Missing argument 2 for displayAlbum(), called in /home/ubuntu/workspace/cst336/hw/hw2/inc/functions.php on line 71 and defined in /home/ubuntu/workspace/cst336/hw/hw2/inc/functions.php on line 12
[28-Jun-2018 22:04:25 UTC] PHP Stack trace:
[28-Jun-2018 22:04:25 UTC] PHP   1. {main}() /home/ubuntu/workspace/cst336/hw/hw2/index.php:0
[28-Jun-2018 22:04:25 UTC] PHP   2. randomAlbum() /home/ubuntu/workspace/cst336/hw/hw2/index.php:26
[28-Jun-2018 22:04:25 UTC] PHP   3. displayAlbum() /home/ubuntu/workspace/cst336/hw/hw2/inc/functions.php:71
[28-Jun-2018 22:04:26 UTC] PHP Warning:  Missing argument 2 for displayAlbum(), called in /home/ubuntu/workspace/cst336/hw/hw2/inc/functions.php on line 71 and defined in /home/ubuntu/workspace/cst336/hw/hw2/inc/functions.php on line 12
[28-Jun-2018 22:04:26 UTC] PHP Stack trace:
[28-Jun-2018 22:04:26 UTC] PHP   1. {main}() /home/ubuntu/workspace/cst336/hw/hw2/index.php:0
[28-Jun-2018 22:04:26 UTC] PHP   2. randomAlbum() /home/ubuntu/workspace/cst336/hw/hw2/index.php:26
[28-Jun-2018 22:04:26 UTC] PHP   3. displayAlbum() /home/ubuntu/workspace/cst336/hw/hw2/inc/functions.php:71
[28-Jun-2018 22:05:24 UTC] PHP Warning:  Missing argument 2 for displayAlbum(), called in /home/ubuntu/workspace/cst336/hw/hw2/inc/functions.php on line 71 and defined in /home/ubuntu/workspace/cst336/hw/hw2/inc/functions.php on line 12
[28-Jun-2018 22:05:24 UTC] PHP Stack trace:
[28-Jun-2018 22:05:24 UTC] PHP   1. {main}() /home/ubuntu/workspace/cst336/hw/hw2/index.php:0
[28-Jun-2018 22:05:24 UTC] PHP   2. randomAlbum() /home/ubuntu/workspace/cst336/hw/hw2/index.php:26
[28-Jun-2018 22:05:24 UTC] PHP   3. displayAlbum() /home/ubuntu/workspace/cst336/hw/hw2/inc/functions.php:71
[28-Jun-2018 22:05:28 UTC] PHP Warning:  Missing argument 2 for displayAlbum(), called in /home/ubuntu/workspace/cst336/hw/hw2/inc/functions.php on line 71 and defined in /home/ubuntu/workspace/cst336/hw/hw2/inc/functions.php on line 12
[28-Jun-2018 22:05:28 UTC] PHP Stack trace:
[28-Jun-2018 22:05:28 UTC] PHP   1. {main}() /home/ubuntu/workspace/cst336/hw/hw2/index.php:0
[28-Jun-2018 22:05:28 UTC] PHP   2. randomAlbum() /home/ubuntu/workspace/cst336/hw/hw2/index.php:26
[28-Jun-2018 22:05:28 UTC] PHP   3. displayAlbum() /home/ubuntu/workspace/cst336/hw/hw2/inc/functions.php:71
[28-Jun-2018 22:17:33 UTC] PHP Warning:  Missing argument 2 for displayAlbum(), called in /home/ubuntu/workspace/cst336/hw/hw2/inc/functions.php on line 64 and defined in /home/ubuntu/workspace/cst336/hw/hw2/inc/functions.php on line 12
[28-Jun-2018 22:17:33 UTC] PHP Stack trace:
[28-Jun-2018 22:17:33 UTC] PHP   1. {main}() /home/ubuntu/workspace/cst336/hw/hw2/index.php:0
[28-Jun-2018 22:17:33 UTC] PHP   2. randomAlbum() /home/ubuntu/workspace/cst336/hw/hw2/index.php:26
[28-Jun-2018 22:17:33 UTC] PHP   3. displayAlbum() /home/ubuntu/workspace/cst336/hw/hw2/inc/functions.php:64
[28-Jun-2018 22:17:39 UTC] PHP Warning:  Missing argument 2 for displayAlbum(), called in /home/ubuntu/workspace/cst336/hw/hw2/inc/functions.php on line 64 and defined in /home/ubuntu/workspace/cst336/hw/hw2/inc/functions.php on line 12
[28-Jun-2018 22:17:39 UTC] PHP Stack trace:
[28-Jun-2018 22:17:39 UTC] PHP   1. {main}() /home/ubuntu/workspace/cst336/hw/hw2/index.php:0
[28-Jun-2018 22:17:39 UTC] PHP   2. randomAlbum() /home/ubuntu/workspace/cst336/hw/hw2/index.php:26
[28-Jun-2018 22:17:39 UTC] PHP   3. displayAlbum() /home/ubuntu/workspace/cst336/hw/hw2/inc/functions.php:64
[28-Jun-2018 22:18:28 UTC] PHP Warning:  Missing argument 1 for randomAlbum(), called in /home/ubuntu/workspace/cst336/hw/hw2/index.php on line 26 and defined in /home/ubuntu/workspace/cst336/hw/hw2/inc/functions.php on line 62
[28-Jun-2018 22:18:28 UTC] PHP Stack trace:
[28-Jun-2018 22:18:28 UTC] PHP   1. {main}() /home/ubuntu/workspace/cst336/hw/hw2/index.php:0
[28-Jun-2018 22:18:28 UTC] PHP   2. randomAlbum() /home/ubuntu/workspace/cst336/hw/hw2/index.php:26
[28-Jun-2018 22:18:28 UTC] PHP Warning:  Missing argument 2 for displayAlbum(), called in /home/ubuntu/workspace/cst336/hw/hw2/inc/functions.php on line 64 and defined in /home/ubuntu/workspace/cst336/hw/hw2/inc/functions.php on line 12
[28-Jun-2018 22:18:28 UTC] PHP Stack trace:
[28-Jun-2018 22:18:28 UTC] PHP   1. {main}() /home/ubuntu/workspace/cst336/hw/hw2/index.php:0
[28-Jun-2018 22:18:28 UTC] PHP   2. randomAlbum() /home/ubuntu/workspace/cst336/hw/hw2/index.php:26
[28-Jun-2018 22:18:28 UTC] PHP   3. displayAlbum() /home/ubuntu/workspace/cst336/hw/hw2/inc/functions.php:64
[28-Jun-2018 22:33:18 UTC] PHP Parse error:  syntax error, unexpected '$randomValue' (T_VARIABLE), expecting ',' or ';' in /home/ubuntu/workspace/cst336/hw/hw2/inc/functions.php on line 58
[28-Jun-2018 22:33:18 UTC] PHP Stack trace:
[28-Jun-2018 22:33:18 UTC] PHP   1. {main}() /home/ubuntu/workspace/cst336/hw/hw2/index.php:0
[28-Jun-2018 22:33:22 UTC] PHP Parse error:  syntax error, unexpected '$randomValue' (T_VARIABLE), expecting ',' or ';' in /home/ubuntu/workspace/cst336/hw/hw2/inc/functions.php on line 58
[28-Jun-2018 22:33:22 UTC] PHP Stack trace:
[28-Jun-2018 22:33:22 UTC] PHP   1. {main}() /home/ubuntu/workspace/cst336/hw/hw2/index.php:0
[28-Jun-2018 22:33:24 UTC] PHP Parse error:  syntax error, unexpected '$randomValue' (T_VARIABLE), expecting ',' or ';' in /home/ubuntu/workspace/cst336/hw/hw2/inc/functions.php on line 58
[28-Jun-2018 22:33:24 UTC] PHP Stack trace:
[28-Jun-2018 22:33:24 UTC] PHP   1. {main}() /home/ubuntu/workspace/cst336/hw/hw2/index.php:0
[28-Jun-2018 22:34:46 UTC] PHP Parse error:  syntax error, unexpected '$randomValue' (T_VARIABLE), expecting ',' or ';' in /home/ubuntu/workspace/cst336/hw/hw2/inc/functions.php on line 58
[28-Jun-2018 22:34:46 UTC] PHP Stack trace:
[28-Jun-2018 22:34:46 UTC] PHP   1. {main}() /home/ubuntu/workspace/cst336/hw/hw2/index.php:0
[28-Jun-2018 22:34:47 UTC] PHP Parse error:  syntax error, unexpected '$randomValue' (T_VARIABLE), expecting ',' or ';' in /home/ubuntu/workspace/cst336/hw/hw2/inc/functions.php on line 58
[28-Jun-2018 22:34:47 UTC] PHP Stack trace:
[28-Jun-2018 22:34:47 UTC] PHP   1. {main}() /home/ubuntu/workspace/cst336/hw/hw2/index.php:0
[28-Jun-2018 22:50:43 UTC] PHP Parse error:  syntax error, unexpected '' (T_ENCAPSED_AND_WHITESPACE), expecting identifier (T_STRING) or variable (T_VARIABLE) or number (T_NUM_STRING) in /home/ubuntu/workspace/cst336/hw/hw2/inc/functions.php on line 58
[28-Jun-2018 22:50:43 UTC] PHP Stack trace:
[28-Jun-2018 22:50:43 UTC] PHP   1. {main}() /home/ubuntu/workspace/cst336/hw/hw2/index.php:0
[28-Jun-2018 22:59:49 UTC] PHP Parse error:  syntax error, unexpected '' (T_ENCAPSED_AND_WHITESPACE), expecting identifier (T_STRING) or variable (T_VARIABLE) or number (T_NUM_STRING) in /home/ubuntu/workspace/cst336/hw/hw2/inc/functions.php on line 57
[28-Jun-2018 22:59:49 UTC] PHP Stack trace:
[28-Jun-2018 22:59:49 UTC] PHP   1. {main}() /home/ubuntu/workspace/cst336/hw/hw2/index.php:0
[28-Jun-2018 23:04:24 UTC] PHP Parse error:  syntax error, unexpected '}' in /home/ubuntu/workspace/cst336/hw/hw2/inc/functions.php on line 65
[28-Jun-2018 23:04:24 UTC] PHP Stack trace:
[28-Jun-2018 23:04:24 UTC] PHP   1. {main}() /home/ubuntu/workspace/cst336/hw/hw2/index.php:0
[29-Jun-2018 00:08:17 UTC] PHP Fatal error:  Class 'bananabananabanana' not found in /home/ubuntu/workspace/cst336/hw/hw2/index.php on line 34
[29-Jun-2018 00:08:17 UTC] PHP Stack trace:
[29-Jun-2018 00:08:17 UTC] PHP   1. {main}() /home/ubuntu/workspace/cst336/hw/hw2/index.php:0
[29-Jun-2018 00:08:56 UTC] PHP Fatal error:  Class 'bananabananabanana' not found in /home/ubuntu/workspace/cst336/hw/hw2/index.php on line 34
[29-Jun-2018 00:08:56 UTC] PHP Stack trace:
[29-Jun-2018 00:08:56 UTC] PHP   1. {main}() /home/ubuntu/workspace/cst336/hw/hw2/index.php:0
[29-Jun-2018 00:19:21 UTC] PHP Parse error:  syntax error, unexpected 'switch' (T_SWITCH), expecting ',' or ';' in /home/ubuntu/workspace/cst336/hw/hw2/inc/functions.php on line 7
[29-Jun-2018 00:19:21 UTC] PHP Stack trace:
[29-Jun-2018 00:19:21 UTC] PHP   1. {main}() /home/ubuntu/workspace/cst336/hw/hw2/index.php:0
[29-Jun-2018 00:20:19 UTC] PHP Parse error:  syntax error, unexpected 'switch' (T_SWITCH), expecting ',' or ';' in /home/ubuntu/workspace/cst336/hw/hw2/inc/functions.php on line 7
[29-Jun-2018 00:20:19 UTC] PHP Stack trace:
[29-Jun-2018 00:20:19 UTC] PHP   1. {main}() /home/ubuntu/workspace/cst336/hw/hw2/index.php:0
[29-Jun-2018 00:21:25 UTC] PHP Parse error:  syntax error, unexpected 'switch' (T_SWITCH), expecting ',' or ';' in /home/ubuntu/workspace/cst336/hw/hw2/inc/functions.php on line 7
[29-Jun-2018 00:21:25 UTC] PHP Stack trace:
[29-Jun-2018 00:21:25 UTC] PHP   1. {main}() /home/ubuntu/workspace/cst336/hw/hw2/index.php:0
[29-Jun-2018 00:22:42 UTC] PHP Parse error:  syntax error, unexpected '}', expecting ',' or ';' in /home/ubuntu/workspace/cst336/hw/hw2/inc/functions.php on line 32
[29-Jun-2018 00:22:42 UTC] PHP Stack trace:
[29-Jun-2018 00:22:42 UTC] PHP   1. {main}() /home/ubuntu/workspace/cst336/hw/hw2/index.php:0
[29-Jun-2018 22:40:10 UTC] PHP Parse error:  syntax error, unexpected '$', expecting ',' or ';' in /home/ubuntu/workspace/cst336/hw/hw2/inc/functions.php on line 89
[29-Jun-2018 22:40:10 UTC] PHP Stack trace:
[29-Jun-2018 22:40:10 UTC] PHP   1. {main}() /home/ubuntu/workspace/cst336/hw/hw2/index.php:0
[30-Jun-2018 01:04:42 UTC] PHP Parse error:  syntax error, unexpected '";' (T_CONSTANT_ENCAPSED_STRING), expecting ',' or ';' in /home/ubuntu/workspace/cst336/hw/hw2/inc/functions.php on line 86
[30-Jun-2018 01:04:42 UTC] PHP Stack trace:
[30-Jun-2018 01:04:42 UTC] PHP   1. {main}() /home/ubuntu/workspace/cst336/hw/hw2/index.php:0
[30-Jun-2018 01:08:38 UTC] PHP Parse error:  syntax error, unexpected 'echo' (T_ECHO) in /home/ubuntu/workspace/cst336/hw/hw2/inc/functions.php on line 90
[30-Jun-2018 01:08:38 UTC] PHP Stack trace:
[30-Jun-2018 01:08:38 UTC] PHP   1. {main}() /home/ubuntu/workspace/cst336/hw/hw2/index.php:0
